<?xml version="1.0" encoding="UTF-8"?>
<!-- Generated by org.testng.reporters.JUnitXMLReporter -->
<testsuite hostname="DESKTOP-V876IOA" ignored="6" name="TestRunner-3" tests="8" failures="0" timestamp="2023-08-08T10:17:33 IST" time="4.779" errors="0">
  <testcase name="@BeforeClass config_BC" time="1.443" classname="com.hrm.Genericutility.BaseClass">
    <failure type="io.github.bonigarcia.wdm.WebDriverManagerException" message="java.net.UnknownHostException: developer.microsoft.com">
      <![CDATA[io.github.bonigarcia.wdm.WebDriverManagerException: java.net.UnknownHostException: developer.microsoft.com
at io.github.bonigarcia.wdm.WebDriverManager.handleException(WebDriverManager.java:776)
at io.github.bonigarcia.wdm.WebDriverManager.manage(WebDriverManager.java:550)
at io.github.bonigarcia.wdm.WebDriverManager.handleException(WebDriverManager.java:773)
at io.github.bonigarcia.wdm.WebDriverManager.manage(WebDriverManager.java:550)
at io.github.bonigarcia.wdm.WebDriverManager.handleException(WebDriverManager.java:766)
at io.github.bonigarcia.wdm.WebDriverManager.manage(WebDriverManager.java:550)
at io.github.bonigarcia.wdm.WebDriverManager.setup(WebDriverManager.java:260)
at com.hrm.Genericutility.BaseClass.config_BC(BaseClass.java:56)
at java.util.ArrayList.forEach(ArrayList.java:1257)
at java.util.concurrent.FutureTask.run(FutureTask.java:266)
at java.util.concurrent.ThreadPoolExecutor.runWorker(ThreadPoolExecutor.java:1149)
at java.util.concurrent.ThreadPoolExecutor$Worker.run(ThreadPoolExecutor.java:624)
at java.lang.Thread.run(Thread.java:748)
Caused by: java.net.UnknownHostException: developer.microsoft.com
at java.net.InetAddress.getAllByName0(InetAddress.java:1281)
at java.net.InetAddress.getAllByName(InetAddress.java:1193)
at java.net.InetAddress.getAllByName(InetAddress.java:1127)
at org.apache.http.impl.conn.SystemDefaultDnsResolver.resolve(SystemDefaultDnsResolver.java:45)
at org.apache.http.impl.conn.DefaultHttpClientConnectionOperator.connect(DefaultHttpClientConnectionOperator.java:112)
at org.apache.http.impl.conn.PoolingHttpClientConnectionManager.connect(PoolingHttpClientConnectionManager.java:373)
at org.apache.http.impl.execchain.MainClientExec.establishRoute(MainClientExec.java:394)
at org.apache.http.impl.execchain.MainClientExec.execute(MainClientExec.java:237)
at org.apache.http.impl.execchain.ProtocolExec.execute(ProtocolExec.java:185)
at org.apache.http.impl.execchain.RetryExec.execute(RetryExec.java:89)
at org.apache.http.impl.execchain.RedirectExec.execute(RedirectExec.java:110)
at org.apache.http.impl.client.InternalHttpClient.doExecute(InternalHttpClient.java:185)
at org.apache.http.impl.client.CloseableHttpClient.execute(CloseableHttpClient.java:83)
at org.apache.http.impl.client.CloseableHttpClient.execute(CloseableHttpClient.java:108)
at io.github.bonigarcia.wdm.HttpClient.execute(HttpClient.java:169)
at io.github.bonigarcia.wdm.EdgeDriverManager.getDrivers(EdgeDriverManager.java:103)
at io.github.bonigarcia.wdm.WebDriverManager.filterCandidateUrls(WebDriverManager.java:792)
at io.github.bonigarcia.wdm.WebDriverManager.downloadAndExport(WebDriverManager.java:568)
at io.github.bonigarcia.wdm.WebDriverManager.manage(WebDriverManager.java:547)
... 27 more
... Removed 16 stack frames]]>
    </failure>
  </testcase> <!-- @BeforeClass config_BC -->
  <testcase name="@BeforeMethod config_BM" time="-1.691470049715E9" classname="com.hrm.Genericutility.BaseClass">
    <skipped/>
  </testcase> <!-- @BeforeMethod config_BM -->
  <testcase name="@AfterMethod config_AM" time="-1.691470049732E9" classname="com.hrm.Genericutility.BaseClass">
    <skipped/>
  </testcase> <!-- @AfterMethod config_AM -->
  <testcase name="@BeforeMethod config_BM" time="-1.691470049736E9" classname="com.hrm.Genericutility.BaseClass">
    <skipped/>
  </testcase> <!-- @BeforeMethod config_BM -->
  <testcase name="@AfterMethod config_AM" time="-1.691470049751E9" classname="com.hrm.Genericutility.BaseClass">
    <skipped/>
  </testcase> <!-- @AfterMethod config_AM -->
  <testcase name="@AfterClass config_AC" time="-1.691470049756E9" classname="com.hrm.Genericutility.BaseClass">
    <skipped/>
  </testcase> <!-- @AfterClass config_AC -->
  <testcase name="@BeforeClass config_BC" time="0.547" classname="com.hrm.Genericutility.BaseClass">
    <failure type="io.github.bonigarcia.wdm.WebDriverManagerException" message="java.net.UnknownHostException: developer.microsoft.com">
      <![CDATA[io.github.bonigarcia.wdm.WebDriverManagerException: java.net.UnknownHostException: developer.microsoft.com
at io.github.bonigarcia.wdm.WebDriverManager.handleException(WebDriverManager.java:776)
at io.github.bonigarcia.wdm.WebDriverManager.manage(WebDriverManager.java:550)
at io.github.bonigarcia.wdm.WebDriverManager.handleException(WebDriverManager.java:773)
at io.github.bonigarcia.wdm.WebDriverManager.manage(WebDriverManager.java:550)
at io.github.bonigarcia.wdm.WebDriverManager.handleException(WebDriverManager.java:766)
at io.github.bonigarcia.wdm.WebDriverManager.manage(WebDriverManager.java:550)
at io.github.bonigarcia.wdm.WebDriverManager.setup(WebDriverManager.java:260)
at com.hrm.Genericutility.BaseClass.config_BC(BaseClass.java:56)
at java.util.ArrayList.forEach(ArrayList.java:1257)
at java.util.concurrent.FutureTask.run(FutureTask.java:266)
at java.util.concurrent.ThreadPoolExecutor.runWorker(ThreadPoolExecutor.java:1149)
at java.util.concurrent.ThreadPoolExecutor$Worker.run(ThreadPoolExecutor.java:624)
at java.lang.Thread.run(Thread.java:748)
Caused by: java.net.UnknownHostException: developer.microsoft.com
at java.net.InetAddress.getAllByName0(InetAddress.java:1281)
at java.net.InetAddress.getAllByName(InetAddress.java:1193)
at java.net.InetAddress.getAllByName(InetAddress.java:1127)
at org.apache.http.impl.conn.SystemDefaultDnsResolver.resolve(SystemDefaultDnsResolver.java:45)
at org.apache.http.impl.conn.DefaultHttpClientConnectionOperator.connect(DefaultHttpClientConnectionOperator.java:112)
at org.apache.http.impl.conn.PoolingHttpClientConnectionManager.connect(PoolingHttpClientConnectionManager.java:373)
at org.apache.http.impl.execchain.MainClientExec.establishRoute(MainClientExec.java:394)
at org.apache.http.impl.execchain.MainClientExec.execute(MainClientExec.java:237)
at org.apache.http.impl.execchain.ProtocolExec.execute(ProtocolExec.java:185)
at org.apache.http.impl.execchain.RetryExec.execute(RetryExec.java:89)
at org.apache.http.impl.execchain.RedirectExec.execute(RedirectExec.java:110)
at org.apache.http.impl.client.InternalHttpClient.doExecute(InternalHttpClient.java:185)
at org.apache.http.impl.client.CloseableHttpClient.execute(CloseableHttpClient.java:83)
at org.apache.http.impl.client.CloseableHttpClient.execute(CloseableHttpClient.java:108)
at io.github.bonigarcia.wdm.HttpClient.execute(HttpClient.java:169)
at io.github.bonigarcia.wdm.EdgeDriverManager.getDrivers(EdgeDriverManager.java:103)
at io.github.bonigarcia.wdm.WebDriverManager.filterCandidateUrls(WebDriverManager.java:792)
at io.github.bonigarcia.wdm.WebDriverManager.downloadAndExport(WebDriverManager.java:568)
at io.github.bonigarcia.wdm.WebDriverManager.manage(WebDriverManager.java:547)
... 27 more
... Removed 16 stack frames]]>
    </failure>
  </testcase> <!-- @BeforeClass config_BC -->
  <testcase name="@BeforeMethod config_BM" time="-1.691470050311E9" classname="com.hrm.Genericutility.BaseClass">
    <skipped/>
  </testcase> <!-- @BeforeMethod config_BM -->
  <testcase name="@AfterMethod config_AM" time="-1.691470050316E9" classname="com.hrm.Genericutility.BaseClass">
    <skipped/>
  </testcase> <!-- @AfterMethod config_AM -->
  <testcase name="@BeforeMethod config_BM" time="-1.691470050319E9" classname="com.hrm.Genericutility.BaseClass">
    <skipped/>
  </testcase> <!-- @BeforeMethod config_BM -->
  <testcase name="@AfterMethod config_AM" time="-1.691470050325E9" classname="com.hrm.Genericutility.BaseClass">
    <skipped/>
  </testcase> <!-- @AfterMethod config_AM -->
  <testcase name="@AfterClass config_AC" time="-1.691470050327E9" classname="com.hrm.Genericutility.BaseClass">
    <skipped/>
  </testcase> <!-- @AfterClass config_AC -->
  <testcase name="@BeforeClass config_BC" time="1.363" classname="com.hrm.Genericutility.BaseClass">
    <failure type="io.github.bonigarcia.wdm.WebDriverManagerException" message="java.net.UnknownHostException: developer.microsoft.com">
      <![CDATA[io.github.bonigarcia.wdm.WebDriverManagerException: java.net.UnknownHostException: developer.microsoft.com
at io.github.bonigarcia.wdm.WebDriverManager.handleException(WebDriverManager.java:776)
at io.github.bonigarcia.wdm.WebDriverManager.manage(WebDriverManager.java:550)
at io.github.bonigarcia.wdm.WebDriverManager.handleException(WebDriverManager.java:773)
at io.github.bonigarcia.wdm.WebDriverManager.manage(WebDriverManager.java:550)
at io.github.bonigarcia.wdm.WebDriverManager.handleException(WebDriverManager.java:766)
at io.github.bonigarcia.wdm.WebDriverManager.manage(WebDriverManager.java:550)
at io.github.bonigarcia.wdm.WebDriverManager.setup(WebDriverManager.java:260)
at com.hrm.Genericutility.BaseClass.config_BC(BaseClass.java:56)
at java.util.ArrayList.forEach(ArrayList.java:1257)
at java.util.concurrent.FutureTask.run(FutureTask.java:266)
at java.util.concurrent.ThreadPoolExecutor.runWorker(ThreadPoolExecutor.java:1149)
at java.util.concurrent.ThreadPoolExecutor$Worker.run(ThreadPoolExecutor.java:624)
at java.lang.Thread.run(Thread.java:748)
Caused by: java.net.UnknownHostException: developer.microsoft.com
at java.net.InetAddress.getAllByName0(InetAddress.java:1281)
at java.net.InetAddress.getAllByName(InetAddress.java:1193)
at java.net.InetAddress.getAllByName(InetAddress.java:1127)
at org.apache.http.impl.conn.SystemDefaultDnsResolver.resolve(SystemDefaultDnsResolver.java:45)
at org.apache.http.impl.conn.DefaultHttpClientConnectionOperator.connect(DefaultHttpClientConnectionOperator.java:112)
at org.apache.http.impl.conn.PoolingHttpClientConnectionManager.connect(PoolingHttpClientConnectionManager.java:373)
at org.apache.http.impl.execchain.MainClientExec.establishRoute(MainClientExec.java:394)
at org.apache.http.impl.execchain.MainClientExec.execute(MainClientExec.java:237)
at org.apache.http.impl.execchain.ProtocolExec.execute(ProtocolExec.java:185)
at org.apache.http.impl.execchain.RetryExec.execute(RetryExec.java:89)
at org.apache.http.impl.execchain.RedirectExec.execute(RedirectExec.java:110)
at org.apache.http.impl.client.InternalHttpClient.doExecute(InternalHttpClient.java:185)
at org.apache.http.impl.client.CloseableHttpClient.execute(CloseableHttpClient.java:83)
at org.apache.http.impl.client.CloseableHttpClient.execute(CloseableHttpClient.java:108)
at io.github.bonigarcia.wdm.HttpClient.execute(HttpClient.java:169)
at io.github.bonigarcia.wdm.EdgeDriverManager.getDrivers(EdgeDriverManager.java:103)
at io.github.bonigarcia.wdm.WebDriverManager.filterCandidateUrls(WebDriverManager.java:792)
at io.github.bonigarcia.wdm.WebDriverManager.downloadAndExport(WebDriverManager.java:568)
at io.github.bonigarcia.wdm.WebDriverManager.manage(WebDriverManager.java:547)
... 27 more
... Removed 16 stack frames]]>
    </failure>
  </testcase> <!-- @BeforeClass config_BC -->
  <testcase name="@BeforeMethod config_BM" time="-1.691470051696E9" classname="com.hrm.Genericutility.BaseClass">
    <skipped/>
  </testcase> <!-- @BeforeMethod config_BM -->
  <testcase name="@AfterMethod config_AM" time="-1.691470051712E9" classname="com.hrm.Genericutility.BaseClass">
    <skipped/>
  </testcase> <!-- @AfterMethod config_AM -->
  <testcase name="@BeforeMethod config_BM" time="-1.691470051718E9" classname="com.hrm.Genericutility.BaseClass">
    <skipped/>
  </testcase> <!-- @BeforeMethod config_BM -->
  <testcase name="@AfterMethod config_AM" time="-1.691470051728E9" classname="com.hrm.Genericutility.BaseClass">
    <skipped/>
  </testcase> <!-- @AfterMethod config_AM -->
  <testcase name="@AfterClass config_AC" time="-1.691470051731E9" classname="com.hrm.Genericutility.BaseClass">
    <skipped/>
  </testcase> <!-- @AfterClass config_AC -->
  <testcase name="@BeforeClass config_BC" time="1.223" classname="com.hrm.Genericutility.BaseClass">
    <failure type="io.github.bonigarcia.wdm.WebDriverManagerException" message="java.net.UnknownHostException: developer.microsoft.com">
      <![CDATA[io.github.bonigarcia.wdm.WebDriverManagerException: java.net.UnknownHostException: developer.microsoft.com
at io.github.bonigarcia.wdm.WebDriverManager.handleException(WebDriverManager.java:776)
at io.github.bonigarcia.wdm.WebDriverManager.manage(WebDriverManager.java:550)
at io.github.bonigarcia.wdm.WebDriverManager.handleException(WebDriverManager.java:773)
at io.github.bonigarcia.wdm.WebDriverManager.manage(WebDriverManager.java:550)
at io.github.bonigarcia.wdm.WebDriverManager.handleException(WebDriverManager.java:766)
at io.github.bonigarcia.wdm.WebDriverManager.manage(WebDriverManager.java:550)
at io.github.bonigarcia.wdm.WebDriverManager.setup(WebDriverManager.java:260)
at com.hrm.Genericutility.BaseClass.config_BC(BaseClass.java:56)
at java.util.ArrayList.forEach(ArrayList.java:1257)
at java.util.concurrent.FutureTask.run(FutureTask.java:266)
at java.util.concurrent.ThreadPoolExecutor.runWorker(ThreadPoolExecutor.java:1149)
at java.util.concurrent.ThreadPoolExecutor$Worker.run(ThreadPoolExecutor.java:624)
at java.lang.Thread.run(Thread.java:748)
Caused by: java.net.UnknownHostException: developer.microsoft.com
at java.net.InetAddress.getAllByName0(InetAddress.java:1281)
at java.net.InetAddress.getAllByName(InetAddress.java:1193)
at java.net.InetAddress.getAllByName(InetAddress.java:1127)
at org.apache.http.impl.conn.SystemDefaultDnsResolver.resolve(SystemDefaultDnsResolver.java:45)
at org.apache.http.impl.conn.DefaultHttpClientConnectionOperator.connect(DefaultHttpClientConnectionOperator.java:112)
at org.apache.http.impl.conn.PoolingHttpClientConnectionManager.connect(PoolingHttpClientConnectionManager.java:373)
at org.apache.http.impl.execchain.MainClientExec.establishRoute(MainClientExec.java:394)
at org.apache.http.impl.execchain.MainClientExec.execute(MainClientExec.java:237)
at org.apache.http.impl.execchain.ProtocolExec.execute(ProtocolExec.java:185)
at org.apache.http.impl.execchain.RetryExec.execute(RetryExec.java:89)
at org.apache.http.impl.execchain.RedirectExec.execute(RedirectExec.java:110)
at org.apache.http.impl.client.InternalHttpClient.doExecute(InternalHttpClient.java:185)
at org.apache.http.impl.client.CloseableHttpClient.execute(CloseableHttpClient.java:83)
at org.apache.http.impl.client.CloseableHttpClient.execute(CloseableHttpClient.java:108)
at io.github.bonigarcia.wdm.HttpClient.execute(HttpClient.java:169)
at io.github.bonigarcia.wdm.EdgeDriverManager.getDrivers(EdgeDriverManager.java:103)
at io.github.bonigarcia.wdm.WebDriverManager.filterCandidateUrls(WebDriverManager.java:792)
at io.github.bonigarcia.wdm.WebDriverManager.downloadAndExport(WebDriverManager.java:568)
at io.github.bonigarcia.wdm.WebDriverManager.manage(WebDriverManager.java:547)
... 27 more
... Removed 16 stack frames]]>
    </failure>
  </testcase> <!-- @BeforeClass config_BC -->
  <testcase name="@BeforeMethod config_BM" time="-1.69147005296E9" classname="com.hrm.Genericutility.BaseClass">
    <skipped/>
  </testcase> <!-- @BeforeMethod config_BM -->
  <testcase name="@AfterMethod config_AM" time="-1.691470052965E9" classname="com.hrm.Genericutility.BaseClass">
    <skipped/>
  </testcase> <!-- @AfterMethod config_AM -->
  <testcase name="@BeforeMethod config_BM" time="-1.691470052967E9" classname="com.hrm.Genericutility.BaseClass">
    <skipped/>
  </testcase> <!-- @BeforeMethod config_BM -->
  <testcase name="@AfterMethod config_AM" time="-1.691470052975E9" classname="com.hrm.Genericutility.BaseClass">
    <skipped/>
  </testcase> <!-- @AfterMethod config_AM -->
  <testcase name="@AfterClass config_AC" time="-1.691470052977E9" classname="com.hrm.Genericutility.BaseClass">
    <skipped/>
  </testcase> <!-- @AfterClass config_AC -->
  <testcase name="addemp" time="0.0" classname="testNGPractice_package.HrOfficerTestNGTest">
    <skipped/>
  </testcase> <!-- addemp -->
  <testcase name="editemp" time="0.0" classname="testNGPractice_package.HrOfficerTestNGTest">
    <skipped/>
  </testcase> <!-- editemp -->
  <testcase name="addadmin" time="0.0" classname="testNGPractice_package.HrheadSampleTestngTest">
    <skipped/>
  </testcase> <!-- addadmin -->
  <testcase name="addempl" time="0.0" classname="testNGPractice_package.HrheadSampleTestngTest">
    <skipped/>
  </testcase> <!-- addempl -->
  <testcase name="Addcorporate" time="0.0" classname="testNGPractice_package.HrHeadTestNGTest">
    <skipped/>
  </testcase> <!-- Addcorporate -->
  <testcase name="addbranch" time="0.0" classname="testNGPractice_package.HrHeadTestNGTest">
    <skipped/>
  </testcase> <!-- addbranch -->
  <testcase name="create" time="0.0" classname="testNGPractice_package.HrAssistantTestNGTest">
    <skipped/>
  </testcase> <!-- create -->
  <testcase name="edit" time="0.0" classname="testNGPractice_package.HrAssistantTestNGTest">
    <skipped/>
  </testcase> <!-- edit -->
  <testcase name="@AfterSuite config_AS" time="0.0" classname="com.hrm.Genericutility.BaseClass">
    <ignored/>
  </testcase> <!-- @AfterSuite config_AS -->
  <testcase name="@AfterSuite config_AS" time="0.0" classname="com.hrm.Genericutility.BaseClass">
    <ignored/>
  </testcase> <!-- @AfterSuite config_AS -->
  <testcase name="@AfterSuite config_AS" time="0.0" classname="com.hrm.Genericutility.BaseClass">
    <ignored/>
  </testcase> <!-- @AfterSuite config_AS -->
  <testcase name="@BeforeSuite config_BS" time="0.0" classname="com.hrm.Genericutility.BaseClass">
    <ignored/>
  </testcase> <!-- @BeforeSuite config_BS -->
  <testcase name="@BeforeSuite config_BS" time="0.0" classname="com.hrm.Genericutility.BaseClass">
    <ignored/>
  </testcase> <!-- @BeforeSuite config_BS -->
  <testcase name="@BeforeSuite config_BS" time="0.0" classname="com.hrm.Genericutility.BaseClass">
    <ignored/>
  </testcase> <!-- @BeforeSuite config_BS -->
</testsuite> <!-- TestRunner-3 -->
